Change Component Designator: Old Designator=C1 New Designator=C4
Change Component Designator: Old Designator=C2 New Designator=C5
Change Component Designator: Old Designator=CN1 New Designator=CN22
Change Component Designator: Old Designator=CN2 New Designator=CN21
Change Component Designator: Old Designator=CN3 New Designator=CN18
Change Component Designator: Old Designator=CN4 New Designator=CN19
Change Component Designator: Old Designator=CN5 New Designator=CN15
Change Component Designator: Old Designator=CN6 New Designator=CN16
Change Component Designator: Old Designator=CN8 New Designator=CN6
Change Component Designator: Old Designator=CN9 New Designator=CN4
Change Component Designator: Old Designator=CN10 New Designator=CN5
Change Component Designator: Old Designator=CN11 New Designator=CN23
Change Component Designator: Old Designator=CN12 New Designator=CN17
Change Component Designator: Old Designator=CN13 New Designator=CN20
Change Component Designator: Old Designator=CN14 New Designator=CN12
Change Component Designator: Old Designator=CN15 New Designator=CN8
Change Component Designator: Old Designator=CN16 New Designator=CN9
Change Component Designator: Old Designator=CN17 New Designator=CN10
Change Component Designator: Old Designator=CN18 New Designator=CN11
Change Component Designator: Old Designator=CN19 New Designator=CN13
Change Component Designator: Old Designator=CN20 New Designator=CN14
Change Component Designator: Old Designator=D1 New Designator=D7
Change Component Designator: Old Designator=D2 New Designator=D8
Change Component Designator: Old Designator=D3 New Designator=D5
Change Component Designator: Old Designator=D4 New Designator=D6
Change Component Designator: Old Designator=H1 New Designator=H2
Change Component Designator: Old Designator=H2 New Designator=H1
Change Component Designator: Old Designator=H5 New Designator=H8
Change Component Designator: Old Designator=H7 New Designator=H5
Change Component Designator: Old Designator=H8 New Designator=H7
Change Component Designator: Old Designator=J1 New Designator=J10
Change Component Designator: Old Designator=J2 New Designator=J8
Change Component Designator: Old Designator=J3 New Designator=J9
Change Component Designator: Old Designator=J4 New Designator=J2
Change Component Designator: Old Designator=J5 New Designator=J3
Change Component Designator: Old Designator=J6 New Designator=J5
Change Component Designator: Old Designator=J7 New Designator=J1
Change Component Designator: Old Designator=J8 New Designator=J4
Change Component Designator: Old Designator=J9 New Designator=J6
Change Component Designator: Old Designator=J10 New Designator=J7
Change Component Designator: Old Designator=LED1 New Designator=LED4
Change Component Designator: Old Designator=LED2 New Designator=LED5
Change Component Designator: Old Designator=R1 New Designator=R30
Change Component Designator: Old Designator=R2 New Designator=R22
Change Component Designator: Old Designator=R3 New Designator=R23
Change Component Designator: Old Designator=R4 New Designator=R24
Change Component Designator: Old Designator=R5 New Designator=R25
Change Component Designator: Old Designator=R6 New Designator=R9
Change Component Designator: Old Designator=R7 New Designator=R8
Change Component Designator: Old Designator=R8 New Designator=R27
Change Component Designator: Old Designator=R9 New Designator=R28
Change Component Designator: Old Designator=R10 New Designator=R31
Change Component Designator: Old Designator=R11 New Designator=R29
Change Component Designator: Old Designator=R12 New Designator=R26
Change Component Designator: Old Designator=R13 New Designator=R16
Change Component Designator: Old Designator=R14 New Designator=R17
Change Component Designator: Old Designator=R15 New Designator=R18
Change Component Designator: Old Designator=R16 New Designator=R19
Change Component Designator: Old Designator=R17 New Designator=R20
Change Component Designator: Old Designator=R18 New Designator=R21
Change Component Designator: Old Designator=R19 New Designator=R10
Change Component Designator: Old Designator=R20 New Designator=R11
Change Component Designator: Old Designator=R21 New Designator=R12
Change Component Designator: Old Designator=R22 New Designator=R13
Change Component Designator: Old Designator=R23 New Designator=R14
Change Component Designator: Old Designator=R24 New Designator=R15
Change Component Designator: Old Designator=RGB1 New Designator=RGB2
Change Component Designator: Old Designator=SD New Designator=SD1
Change Component Designator: Old Designator=SW1 New Designator=SW3
Change Component Designator: Old Designator=SW2 New Designator=SW4
Change Component Designator: Old Designator=SW3 New Designator=SW5
Change Component Designator: Old Designator=SW4 New Designator=SW6
Change Component Designator: Old Designator=U1 New Designator=U4
Change Component Designator: Old Designator=U2 New Designator=U8
Change Component Designator: Old Designator=U3 New Designator=U6
Change Component Designator: Old Designator=U4 New Designator=U7
Change Component Designator: Old Designator=U5 New Designator=U10
Change Component Designator: Old Designator=U6 New Designator=U9
Change Component Designator: Old Designator=U7 New Designator=U11
Change Component Designator: Old Designator=U8 New Designator=U2
Change Component Designator: Old Designator=U9 New Designator=U3
Change Component Designator: Old Designator=U10 New Designator=U5
Change Component Designator: Old Designator=VIT1 New Designator=VIT5
Change Component Designator: Old Designator=VIT2 New Designator=VIT6
Change Component Designator: Old Designator=VIT3 New Designator=VIT7
Change Component Designator: Old Designator=VIT4 New Designator=VIT8
